<?xml version="1.0" encoding="UTF-8"?>
<!-- Generated by org.testng.reporters.JUnitReportReporter -->
<testsuite hostname="LAPTOP-4O5F9R05" failures="0" tests="1" name="runnerClzPkg.SwagLabsLogin" time="31.473" errors="0" timestamp="2024-11-29T17:12:58 IST" skipped="0">
  <testcase classname="runnerClzPkg.SwagLabsLogin" name="runScenario" time="31.473"/>
</testsuite> <!-- runnerClzPkg.SwagLabsLogin -->
